# JRE version: OpenJDK Runtime Environment Temurin-21.0.12.1+1 (21.0.12.1+1) (build 21.0.12.1+1-LTS)
# Java VM: OpenJDK 64-Bit Server VM Temurin-21.0.12.1+1 (21.0.12.1+1-LTS, mixed mode, sharing, tiered, compressed oops, compressed class ptrs, g1 gc, windows-amd64)
GC Precious Log:
 CardTable entry size: 512
 Card Set container configuration: InlinePtr #cards 5 size 8 Array Of Cards #cards 12 size 40 Howl #buckets 4 coarsen threshold 1843 Howl Bitmap #cards 512 size 80 coarsen threshold 460 Card regions per heap region 1 cards per card region 2048
 CPUs: 8 total, 8 available
 Memory: 7940M
 Large Page Support: Disabled
 NUMA Support: Disabled
 Compressed Oops: Enabled (32-bit)
 Heap Region Size: 1M
 Heap Min Capacity: 256M
 Heap Initial Capacity: 256M
 Heap Max Capacity: 512M
 Pre-touch: Disabled
 Parallel Workers: 8
 Concurrent Workers: 2
 Concurrent Refinement Workers: 8
 Periodic GC: Disabled
Heap:
 garbage-first heap   total 262144K, used 122255K [0x00000000e0000000, 0x0000000100000000)
  region size 1024K, 97 young (99328K), 14 survivors (14336K)
 Metaspace       used 55510K, committed 57728K, reserved 393216K
  class space    used 8300K, committed 9408K, reserved 327680K
GC Heap History (10 events):
Event: 35.601 GC heap before
{Heap before GC invocations=0 (full 0):
 garbage-first heap   total 262144K, used 26624K [0x00000000e0000000, 0x0000000100000000)
  region size 1024K, 23 young (23552K), 0 survivors (0K)
 Metaspace       used 3024K, committed 3200K, reserved 393216K
  class space    used 363K, committed 448K, reserved 327680K
}
Event: 42.020 GC heap after
{Heap after GC invocations=1 (full 0):
 garbage-first heap   total 262144K, used 11178K [0x00000000e0000000, 0x0000000100000000)
  region size 1024K, 3 young (3072K), 3 survivors (3072K)
 Metaspace       used 3024K, committed 3200K, reserved 393216K
  class space    used 363K, committed 448K, reserved 327680K
}
Event: 66.043 GC heap before
{Heap before GC invocations=1 (full 0):
 garbage-first heap   total 262144K, used 39850K [0x00000000e0000000, 0x0000000100000000)
  region size 1024K, 30 young (30720K), 3 survivors (3072K)
 Metaspace       used 4648K, committed 4864K, reserved 393216K
  class space    used 593K, committed 704K, reserved 327680K
}
Event: 66.049 GC heap after
{Heap after GC invocations=2 (full 0):
 garbage-first heap   total 262144K, used 14322K [0x00000000e0000000, 0x0000000100000000)
  region size 1024K, 2 young (2048K), 2 survivors (2048K)
 Metaspace       used 4648K, committed 4864K, reserved 393216K
  class space    used 593K, committed 704K, reserved 327680K
}
Event: 268.997 GC heap before
{Heap before GC invocations=2 (full 0):
 garbage-first heap   total 262144K, used 131058K [0x00000000e0000000, 0x0000000100000000)
  region size 1024K, 116 young (118784K), 2 survivors (2048K)
 Metaspace       used 20846K, committed 21504K, reserved 393216K
  class space    used 2958K, committed 3264K, reserved 327680K
}
Event: 269.615 GC heap after
{Heap after GC invocations=3 (full 0):
 garbage-first heap   total 262144K, used 24809K [0x00000000e0000000, 0x0000000100000000)
  region size 1024K, 13 young (13312K), 13 survivors (13312K)
 Metaspace       used 20846K, committed 21504K, reserved 393216K
  class space    used 2958K, committed 3264K, reserved 327680K
}
Event: 278.647 GC heap before
{Heap before GC invocations=4 (full 0):
 garbage-first heap   total 262144K, used 127209K [0x00000000e0000000, 0x0000000100000000)
  region size 1024K, 113 young (115712K), 13 survivors (13312K)
 Metaspace       used 34664K, committed 36096K, reserved 393216K
  class space    used 4972K, committed 5696K, reserved 327680K
}
Event: 278.666 GC heap after
{Heap after GC invocations=5 (full 0):
 garbage-first heap   total 262144K, used 29965K [0x00000000e0000000, 0x0000000100000000)
  region size 1024K, 16 young (16384K), 16 survivors (16384K)
 Metaspace       used 34664K, committed 36096K, reserved 393216K
  class space    used 4972K, committed 5696K, reserved 327680K
}
Event: 404.422 GC heap before
{Heap before GC invocations=6 (full 0):
 garbage-first heap   total 262144K, used 169229K [0x00000000e0000000, 0x0000000100000000)
  region size 1024K, 153 young (156672K), 16 survivors (16384K)
 Metaspace       used 49155K, committed 51072K, reserved 393216K
  class space    used 7249K, committed 8192K, reserved 327680K
}
Event: 404.663 GC heap after
{Heap after GC invocations=7 (full 0):
 garbage-first heap   total 262144K, used 38287K [0x00000000e0000000, 0x0000000100000000)
  region size 1024K, 14 young (14336K), 14 survivors (14336K)
 Metaspace       used 49155K, committed 51072K, reserved 393216K
  class space    used 7249K, committed 8192K, reserved 327680K
}

