# JRE version: OpenJDK Runtime Environment Temurin-21.0.12.1+1 (21.0.12.1+1) (build 21.0.12.1+1-LTS)
# Java VM: OpenJDK 64-Bit Server VM Temurin-21.0.12.1+1 (21.0.12.1+1-LTS, mixed mode, sharing, tiered, compressed oops, compressed class ptrs, parallel gc, windows-amd64)
GC Precious Log:
 CardTable entry size: 512
 CPUs: 8 total, 8 available
 Memory: 7940M
 Large Page Support: Disabled
 NUMA Support: Disabled
 Compressed Oops: Enabled (32-bit)
 Alignments: Space 512K, Generation 512K, Heap 2M
 Heap Min Capacity: 100M
 Heap Initial Capacity: 100M
 Heap Max Capacity: 2G
 Pre-touch: Disabled
 Parallel Workers: 8
Heap:
 PSYoungGen      total 12800K, used 10814K [0x00000000d5580000, 0x00000000d6a00000, 0x0000000100000000)
  eden space 10752K, 81% used [0x00000000d5580000,0x00000000d5e10d88,0x00000000d6000000)
  from space 2048K, 99% used [0x00000000d6400000,0x00000000d65feab8,0x00000000d6600000)
  to   space 4096K, 0% used [0x00000000d6000000,0x00000000d6000000,0x00000000d6400000)
 ParOldGen       total 83968K, used 83503K [0x0000000080000000, 0x0000000085200000, 0x00000000d5580000)
  object space 83968K, 99% used [0x0000000080000000,0x000000008518bed8,0x0000000085200000)
 Metaspace       used 70230K, committed 71744K, reserved 1114112K
  class space    used 8060K, committed 8704K, reserved 1048576K
GC Heap History (20 events):
Event: 45.190 GC heap before
{Heap before GC invocations=86 (full 3):
 PSYoungGen      total 13312K, used 13120K [0x00000000d5580000, 0x00000000d6500000, 0x0000000100000000)
  eden space 12800K, 100% used [0x00000000d5580000,0x00000000d6200000,0x00000000d6200000)
  from space 512K, 62% used [0x00000000d6480000,0x00000000d64d0000,0x00000000d6500000)
  to   space 512K, 0% used [0x00000000d6400000,0x00000000d6400000,0x00000000d6480000)
 ParOldGen       total 77824K, used 77642K [0x0000000080000000, 0x0000000084c00000, 0x00000000d5580000)
  object space 77824K, 99% used [0x0000000080000000,0x0000000084bd2998,0x0000000084c00000)
 Metaspace       used 64605K, committed 66048K, reserved 1114112K
  class space    used 7364K, committed 8000K, reserved 1048576K
}
Event: 45.192 GC heap after
{Heap after GC invocations=86 (full 3):
 PSYoungGen      total 13312K, used 352K [0x00000000d5580000, 0x00000000d6500000, 0x0000000100000000)
  eden space 12800K, 0% used [0x00000000d5580000,0x00000000d5580000,0x00000000d6200000)
  from space 512K, 68% used [0x00000000d6400000,0x00000000d6458000,0x00000000d6480000)
  to   space 512K, 0% used [0x00000000d6480000,0x00000000d6480000,0x00000000d6500000)
 ParOldGen       total 78336K, used 77850K [0x0000000080000000, 0x0000000084c80000, 0x00000000d5580000)
  object space 78336K, 99% used [0x0000000080000000,0x0000000084c06998,0x0000000084c80000)
 Metaspace       used 64605K, committed 66048K, reserved 1114112K
  class space    used 7364K, committed 8000K, reserved 1048576K
}
Event: 45.247 GC heap before
{Heap before GC invocations=87 (full 3):
 PSYoungGen      total 13312K, used 13152K [0x00000000d5580000, 0x00000000d6500000, 0x0000000100000000)
  eden space 12800K, 100% used [0x00000000d5580000,0x00000000d6200000,0x00000000d6200000)
  from space 512K, 68% used [0x00000000d6400000,0x00000000d6458000,0x00000000d6480000)
  to   space 512K, 0% used [0x00000000d6480000,0x00000000d6480000,0x00000000d6500000)
 ParOldGen       total 78336K, used 77850K [0x0000000080000000, 0x0000000084c80000, 0x00000000d5580000)
  object space 78336K, 99% used [0x0000000080000000,0x0000000084c06998,0x0000000084c80000)
 Metaspace       used 64610K, committed 66048K, reserved 1114112K
  class space    used 7364K, committed 8000K, reserved 1048576K
}
Event: 45.249 GC heap after
{Heap after GC invocations=87 (full 3):
 PSYoungGen      total 13312K, used 436K [0x00000000d5580000, 0x00000000d6500000, 0x0000000100000000)
  eden space 12800K, 0% used [0x00000000d5580000,0x00000000d5580000,0x00000000d6200000)
  from space 512K, 85% used [0x00000000d6480000,0x00000000d64ed200,0x00000000d6500000)
  to   space 512K, 0% used [0x00000000d6400000,0x00000000d6400000,0x00000000d6480000)
 ParOldGen       total 78336K, used 78098K [0x0000000080000000, 0x0000000084c80000, 0x00000000d5580000)
  object space 78336K, 99% used [0x0000000080000000,0x0000000084c44998,0x0000000084c80000)
 Metaspace       used 64610K, committed 66048K, reserved 1114112K
  class space    used 7364K, committed 8000K, reserved 1048576K
}
Event: 45.310 GC heap before
{Heap before GC invocations=88 (full 3):
 PSYoungGen      total 13312K, used 13236K [0x00000000d5580000, 0x00000000d6500000, 0x0000000100000000)
  eden space 12800K, 100% used [0x00000000d5580000,0x00000000d6200000,0x00000000d6200000)
  from space 512K, 85% used [0x00000000d6480000,0x00000000d64ed200,0x00000000d6500000)
  to   space 512K, 0% used [0x00000000d6400000,0x00000000d6400000,0x00000000d6480000)
 ParOldGen       total 78336K, used 78098K [0x0000000080000000, 0x0000000084c80000, 0x00000000d5580000)
  object space 78336K, 99% used [0x0000000080000000,0x0000000084c44998,0x0000000084c80000)
 Metaspace       used 64620K, committed 66112K, reserved 1114112K
  class space    used 7364K, committed 8000K, reserved 1048576K
}
Event: 45.312 GC heap after
{Heap after GC invocations=88 (full 3):
 PSYoungGen      total 13312K, used 465K [0x00000000d5580000, 0x00000000d6500000, 0x0000000100000000)
  eden space 12800K, 0% used [0x00000000d5580000,0x00000000d5580000,0x00000000d6200000)
  from space 512K, 90% used [0x00000000d6400000,0x00000000d6474400,0x00000000d6480000)
  to   space 512K, 0% used [0x00000000d6480000,0x00000000d6480000,0x00000000d6500000)
 ParOldGen       total 78848K, used 78390K [0x0000000080000000, 0x0000000084d00000, 0x00000000d5580000)
  object space 78848K, 99% used [0x0000000080000000,0x0000000084c8db98,0x0000000084d00000)
 Metaspace       used 64620K, committed 66112K, reserved 1114112K
  class space    used 7364K, committed 8000K, reserved 1048576K
}
Event: 45.398 GC heap before
{Heap before GC invocations=89 (full 3):
 PSYoungGen      total 13312K, used 13265K [0x00000000d5580000, 0x00000000d6500000, 0x0000000100000000)
  eden space 12800K, 100% used [0x00000000d5580000,0x00000000d6200000,0x00000000d6200000)
  from space 512K, 90% used [0x00000000d6400000,0x00000000d6474400,0x00000000d6480000)
  to   space 512K, 0% used [0x00000000d6480000,0x00000000d6480000,0x00000000d6500000)
 ParOldGen       total 78848K, used 78390K [0x0000000080000000, 0x0000000084d00000, 0x00000000d5580000)
  object space 78848K, 99% used [0x0000000080000000,0x0000000084c8db98,0x0000000084d00000)
 Metaspace       used 64676K, committed 66112K, reserved 1114112K
  class space    used 7368K, committed 8000K, reserved 1048576K
}
Event: 45.401 GC heap after
{Heap after GC invocations=89 (full 3):
 PSYoungGen      total 13312K, used 512K [0x00000000d5580000, 0x00000000d6500000, 0x0000000100000000)
  eden space 12800K, 0% used [0x00000000d5580000,0x00000000d5580000,0x00000000d6200000)
  from space 512K, 100% used [0x00000000d6480000,0x00000000d6500000,0x00000000d6500000)
  to   space 1024K, 0% used [0x00000000d6300000,0x00000000d6300000,0x00000000d6400000)
 ParOldGen       total 78848K, used 78631K [0x0000000080000000, 0x0000000084d00000, 0x00000000d5580000)
  object space 78848K, 99% used [0x0000000080000000,0x0000000084cc9f98,0x0000000084d00000)
 Metaspace       used 64676K, committed 66112K, reserved 1114112K
  class space    used 7368K, committed 8000K, reserved 1048576K
}
Event: 45.554 GC heap before
{Heap before GC invocations=90 (full 3):
 PSYoungGen      total 13312K, used 13312K [0x00000000d5580000, 0x00000000d6500000, 0x0000000100000000)
  eden space 12800K, 100% used [0x00000000d5580000,0x00000000d6200000,0x00000000d6200000)
  from space 512K, 100% used [0x00000000d6480000,0x00000000d6500000,0x00000000d6500000)
  to   space 1024K, 0% used [0x00000000d6300000,0x00000000d6300000,0x00000000d6400000)
 ParOldGen       total 78848K, used 78631K [0x0000000080000000, 0x0000000084d00000, 0x00000000d5580000)
  object space 78848K, 99% used [0x0000000080000000,0x0000000084cc9f98,0x0000000084d00000)
 Metaspace       used 64769K, committed 66176K, reserved 1114112K
  class space    used 7393K, committed 8000K, reserved 1048576K
}
Event: 45.556 GC heap after
{Heap after GC invocations=90 (full 3):
 PSYoungGen      total 13824K, used 769K [0x00000000d5580000, 0x00000000d6500000, 0x0000000100000000)
  eden space 12800K, 0% used [0x00000000d5580000,0x00000000d5580000,0x00000000d6200000)
  from space 1024K, 75% used [0x00000000d6300000,0x00000000d63c06f0,0x00000000d6400000)
  to   space 1024K, 0% used [0x00000000d6400000,0x00000000d6400000,0x00000000d6500000)
 ParOldGen       total 79360K, used 79001K [0x0000000080000000, 0x0000000084d80000, 0x00000000d5580000)
  object space 79360K, 99% used [0x0000000080000000,0x0000000084d266a8,0x0000000084d80000)
 Metaspace       used 64769K, committed 66176K, reserved 1114112K
  class space    used 7393K, committed 8000K, reserved 1048576K
}
Event: 45.614 GC heap before
{Heap before GC invocations=91 (full 3):
 PSYoungGen      total 13824K, used 13569K [0x00000000d5580000, 0x00000000d6500000, 0x0000000100000000)
  eden space 12800K, 100% used [0x00000000d5580000,0x00000000d6200000,0x00000000d6200000)
  from space 1024K, 75% used [0x00000000d6300000,0x00000000d63c06f0,0x00000000d6400000)
  to   space 1024K, 0% used [0x00000000d6400000,0x00000000d6400000,0x00000000d6500000)
 ParOldGen       total 79360K, used 79001K [0x0000000080000000, 0x0000000084d80000, 0x00000000d5580000)
  object space 79360K, 99% used [0x0000000080000000,0x0000000084d266a8,0x0000000084d80000)
 Metaspace       used 64976K, committed 66496K, reserved 1114112K
  class space    used 7421K, committed 8064K, reserved 1048576K
}
Event: 45.616 GC heap after
{Heap after GC invocations=91 (full 3):
 PSYoungGen      total 13824K, used 1017K [0x00000000d5580000, 0x00000000d6500000, 0x0000000100000000)
  eden space 12800K, 0% used [0x00000000d5580000,0x00000000d5580000,0x00000000d6200000)
  from space 1024K, 99% used [0x00000000d6400000,0x00000000d64fe710,0x00000000d6500000)
  to   space 1536K, 0% used [0x00000000d6200000,0x00000000d6200000,0x00000000d6380000)
 ParOldGen       total 79872K, used 79604K [0x0000000080000000, 0x0000000084e00000, 0x00000000d5580000)
  object space 79872K, 99% used [0x0000000080000000,0x0000000084dbd318,0x0000000084e00000)
 Metaspace       used 64976K, committed 66496K, reserved 1114112K
  class space    used 7421K, committed 8064K, reserved 1048576K
}
Event: 45.789 GC heap before
{Heap before GC invocations=92 (full 3):
 PSYoungGen      total 13824K, used 13817K [0x00000000d5580000, 0x00000000d6500000, 0x0000000100000000)
  eden space 12800K, 100% used [0x00000000d5580000,0x00000000d6200000,0x00000000d6200000)
  from space 1024K, 99% used [0x00000000d6400000,0x00000000d64fe710,0x00000000d6500000)
  to   space 1536K, 0% used [0x00000000d6200000,0x00000000d6200000,0x00000000d6380000)
 ParOldGen       total 79872K, used 79604K [0x0000000080000000, 0x0000000084e00000, 0x00000000d5580000)
  object space 79872K, 99% used [0x0000000080000000,0x0000000084dbd318,0x0000000084e00000)
 Metaspace       used 66324K, committed 67776K, reserved 1114112K
  class space    used 7582K, committed 8192K, reserved 1048576K
}
Event: 45.794 GC heap after
{Heap after GC invocations=92 (full 3):
 PSYoungGen      total 14336K, used 960K [0x00000000d5580000, 0x00000000d6480000, 0x0000000100000000)
  eden space 12800K, 0% used [0x00000000d5580000,0x00000000d5580000,0x00000000d6200000)
  from space 1536K, 62% used [0x00000000d6200000,0x00000000d62f0270,0x00000000d6380000)
  to   space 1024K, 0% used [0x00000000d6380000,0x00000000d6380000,0x00000000d6480000)
 ParOldGen       total 80896K, used 80494K [0x0000000080000000, 0x0000000084f00000, 0x00000000d5580000)
  object space 80896K, 99% used [0x0000000080000000,0x0000000084e9bac0,0x0000000084f00000)
 Metaspace       used 66324K, committed 67776K, reserved 1114112K
  class space    used 7582K, committed 8192K, reserved 1048576K
}
Event: 46.356 GC heap before
{Heap before GC invocations=93 (full 3):
 PSYoungGen      total 14336K, used 13760K [0x00000000d5580000, 0x00000000d6480000, 0x0000000100000000)
  eden space 12800K, 100% used [0x00000000d5580000,0x00000000d6200000,0x00000000d6200000)
  from space 1536K, 62% used [0x00000000d6200000,0x00000000d62f0270,0x00000000d6380000)
  to   space 1024K, 0% used [0x00000000d6380000,0x00000000d6380000,0x00000000d6480000)
 ParOldGen       total 80896K, used 80494K [0x0000000080000000, 0x0000000084f00000, 0x00000000d5580000)
  object space 80896K, 99% used [0x0000000080000000,0x0000000084e9bac0,0x0000000084f00000)
 Metaspace       used 67475K, committed 68992K, reserved 1114112K
  class space    used 7755K, committed 8384K, reserved 1048576K
}
Event: 46.360 GC heap after
{Heap after GC invocations=93 (full 3):
 PSYoungGen      total 13824K, used 782K [0x00000000d5580000, 0x00000000d6480000, 0x0000000100000000)
  eden space 12800K, 0% used [0x00000000d5580000,0x00000000d5580000,0x00000000d6200000)
  from space 1024K, 76% used [0x00000000d6380000,0x00000000d6443b00,0x00000000d6480000)
  to   space 1024K, 0% used [0x00000000d6280000,0x00000000d6280000,0x00000000d6380000)
 ParOldGen       total 81408K, used 81202K [0x0000000080000000, 0x0000000084f80000, 0x00000000d5580000)
  object space 81408K, 99% used [0x0000000080000000,0x0000000084f4c910,0x0000000084f80000)
 Metaspace       used 67475K, committed 68992K, reserved 1114112K
  class space    used 7755K, committed 8384K, reserved 1048576K
}
Event: 48.375 GC heap before
{Heap before GC invocations=94 (full 3):
 PSYoungGen      total 13824K, used 13582K [0x00000000d5580000, 0x00000000d6480000, 0x0000000100000000)
  eden space 12800K, 100% used [0x00000000d5580000,0x00000000d6200000,0x00000000d6200000)
  from space 1024K, 76% used [0x00000000d6380000,0x00000000d6443b00,0x00000000d6480000)
  to   space 1024K, 0% used [0x00000000d6280000,0x00000000d6280000,0x00000000d6380000)
 ParOldGen       total 81408K, used 81202K [0x0000000080000000, 0x0000000084f80000, 0x00000000d5580000)
  object space 81408K, 99% used [0x0000000080000000,0x0000000084f4c910,0x0000000084f80000)
 Metaspace       used 69115K, committed 70528K, reserved 1114112K
  class space    used 7952K, committed 8576K, reserved 1048576K
}
Event: 48.379 GC heap after
{Heap after GC invocations=94 (full 3):
 PSYoungGen      total 13824K, used 1009K [0x00000000d5580000, 0x00000000d6600000, 0x0000000100000000)
  eden space 12800K, 0% used [0x00000000d5580000,0x00000000d5580000,0x00000000d6200000)
  from space 1024K, 98% used [0x00000000d6280000,0x00000000d637c7a8,0x00000000d6380000)
  to   space 2048K, 0% used [0x00000000d6400000,0x00000000d6400000,0x00000000d6600000)
 ParOldGen       total 82432K, used 81924K [0x0000000080000000, 0x0000000085080000, 0x00000000d5580000)
  object space 82432K, 99% used [0x0000000080000000,0x0000000085001220,0x0000000085080000)
 Metaspace       used 69115K, committed 70528K, reserved 1114112K
  class space    used 7952K, committed 8576K, reserved 1048576K
}
Event: 49.961 GC heap before
{Heap before GC invocations=95 (full 3):
 PSYoungGen      total 13824K, used 13805K [0x00000000d5580000, 0x00000000d6600000, 0x0000000100000000)
  eden space 12800K, 99% used [0x00000000d5580000,0x00000000d61fed38,0x00000000d6200000)
  from space 1024K, 98% used [0x00000000d6280000,0x00000000d637c7a8,0x00000000d6380000)
  to   space 2048K, 0% used [0x00000000d6400000,0x00000000d6400000,0x00000000d6600000)
 ParOldGen       total 82432K, used 81924K [0x0000000080000000, 0x0000000085080000, 0x00000000d5580000)
  object space 82432K, 99% used [0x0000000080000000,0x0000000085001220,0x0000000085080000)
 Metaspace       used 69605K, committed 71040K, reserved 1114112K
  class space    used 7996K, committed 8640K, reserved 1048576K
}
Event: 49.966 GC heap after
{Heap after GC invocations=95 (full 3):
 PSYoungGen      total 12800K, used 2042K [0x00000000d5580000, 0x00000000d6a00000, 0x0000000100000000)
  eden space 10752K, 0% used [0x00000000d5580000,0x00000000d5580000,0x00000000d6000000)
  from space 2048K, 99% used [0x00000000d6400000,0x00000000d65feab8,0x00000000d6600000)
  to   space 4096K, 0% used [0x00000000d6000000,0x00000000d6000000,0x00000000d6400000)
 ParOldGen       total 83968K, used 83503K [0x0000000080000000, 0x0000000085200000, 0x00000000d5580000)
  object space 83968K, 99% used [0x0000000080000000,0x000000008518bed8,0x0000000085200000)
 Metaspace       used 69605K, committed 71040K, reserved 1114112K
  class space    used 7996K, committed 8640K, reserved 1048576K
}

