# JRE version: OpenJDK Runtime Environment Temurin-21.0.12.1+1 (21.0.12.1+1) (build 21.0.12.1+1-LTS)
# Java VM: OpenJDK 64-Bit Server VM Temurin-21.0.12.1+1 (21.0.12.1+1-LTS, mixed mode, sharing, tiered, compressed oops, compressed class ptrs, g1 gc, windows-amd64)
GC Precious Log:
 CardTable entry size: 512
 Card Set container configuration: InlinePtr #cards 5 size 8 Array Of Cards #cards 12 size 40 Howl #buckets 4 coarsen threshold 1843 Howl Bitmap #cards 512 size 80 coarsen threshold 460 Card regions per heap region 1 cards per card region 2048
 CPUs: 8 total, 8 available
 Memory: 7940M
 Large Page Support: Disabled
 NUMA Support: Disabled
 Compressed Oops: Enabled (32-bit)
 Heap Region Size: 1M
 Heap Min Capacity: 256M
 Heap Initial Capacity: 256M
 Heap Max Capacity: 512M
 Pre-touch: Disabled
 Parallel Workers: 8
 Concurrent Workers: 2
 Concurrent Refinement Workers: 8
 Periodic GC: Disabled
Heap:
 garbage-first heap   total 262144K, used 45545K [0x00000000e0000000, 0x0000000100000000)
  region size 1024K, 15 young (15360K), 12 survivors (12288K)
 Metaspace       used 53652K, committed 55808K, reserved 393216K
  class space    used 8100K, committed 9152K, reserved 327680K
GC Heap History (18 events):
Event: 22.533 GC heap before
{Heap before GC invocations=0 (full 0):
 garbage-first heap   total 262144K, used 26624K [0x00000000e0000000, 0x0000000100000000)
  region size 1024K, 23 young (23552K), 0 survivors (0K)
 Metaspace       used 2789K, committed 2944K, reserved 393216K
  class space    used 324K, committed 384K, reserved 327680K
}
Event: 22.879 GC heap after
{Heap after GC invocations=1 (full 0):
 garbage-first heap   total 262144K, used 11093K [0x00000000e0000000, 0x0000000100000000)
  region size 1024K, 3 young (3072K), 3 survivors (3072K)
 Metaspace       used 2789K, committed 2944K, reserved 393216K
  class space    used 324K, committed 384K, reserved 327680K
}
Event: 42.735 GC heap before
{Heap before GC invocations=1 (full 0):
 garbage-first heap   total 262144K, used 37717K [0x00000000e0000000, 0x0000000100000000)
  region size 1024K, 30 young (30720K), 3 survivors (3072K)
 Metaspace       used 4638K, committed 4864K, reserved 393216K
  class space    used 593K, committed 704K, reserved 327680K
}
Event: 42.741 GC heap after
{Heap after GC invocations=2 (full 0):
 garbage-first heap   total 262144K, used 12592K [0x00000000e0000000, 0x0000000100000000)
  region size 1024K, 2 young (2048K), 2 survivors (2048K)
 Metaspace       used 4638K, committed 4864K, reserved 393216K
  class space    used 593K, committed 704K, reserved 327680K
}
Event: 136.652 GC heap before
{Heap before GC invocations=2 (full 0):
 garbage-first heap   total 262144K, used 108848K [0x00000000e0000000, 0x0000000100000000)
  region size 1024K, 94 young (96256K), 2 survivors (2048K)
 Metaspace       used 18209K, committed 18752K, reserved 393216K
  class space    used 2526K, committed 2816K, reserved 327680K
}
Event: 137.098 GC heap after
{Heap after GC invocations=3 (full 0):
 garbage-first heap   total 262144K, used 23283K [0x00000000e0000000, 0x0000000100000000)
  region size 1024K, 11 young (11264K), 11 survivors (11264K)
 Metaspace       used 18209K, committed 18752K, reserved 393216K
  class space    used 2526K, committed 2816K, reserved 327680K
}
Event: 138.359 GC heap before
{Heap before GC invocations=3 (full 0):
 garbage-first heap   total 262144K, used 43763K [0x00000000e0000000, 0x0000000100000000)
  region size 1024K, 32 young (32768K), 11 survivors (11264K)
 Metaspace       used 20831K, committed 21504K, reserved 393216K
  class space    used 2973K, committed 3328K, reserved 327680K
}
Event: 138.385 GC heap after
{Heap after GC invocations=4 (full 0):
 garbage-first heap   total 262144K, used 25064K [0x00000000e0000000, 0x0000000100000000)
  region size 1024K, 2 young (2048K), 2 survivors (2048K)
 Metaspace       used 20831K, committed 21504K, reserved 393216K
  class space    used 2973K, committed 3328K, reserved 327680K
}
Event: 309.559 GC heap before
{Heap before GC invocations=5 (full 0):
 garbage-first heap   total 262144K, used 130536K [0x00000000e0000000, 0x0000000100000000)
  region size 1024K, 106 young (108544K), 2 survivors (2048K)
 Metaspace       used 32841K, committed 34240K, reserved 393216K
  class space    used 4926K, committed 5632K, reserved 327680K
}
Event: 309.803 GC heap after
{Heap after GC invocations=6 (full 0):
 garbage-first heap   total 262144K, used 30520K [0x00000000e0000000, 0x0000000100000000)
  region size 1024K, 8 young (8192K), 8 survivors (8192K)
 Metaspace       used 32841K, committed 34240K, reserved 393216K
  class space    used 4926K, committed 5632K, reserved 327680K
}
Event: 311.018 GC heap before
{Heap before GC invocations=6 (full 0):
 garbage-first heap   total 262144K, used 37688K [0x00000000e0000000, 0x0000000100000000)
  region size 1024K, 16 young (16384K), 8 survivors (8192K)
 Metaspace       used 32986K, committed 34432K, reserved 393216K
  class space    used 4940K, committed 5632K, reserved 327680K
}
Event: 311.065 GC heap after
{Heap after GC invocations=7 (full 0):
 garbage-first heap   total 262144K, used 31285K [0x00000000e0000000, 0x0000000100000000)
  region size 1024K, 2 young (2048K), 2 survivors (2048K)
 Metaspace       used 32986K, committed 34432K, reserved 393216K
  class space    used 4940K, committed 5632K, reserved 327680K
}
Event: 317.655 GC heap before
{Heap before GC invocations=7 (full 0):
 garbage-first heap   total 262144K, used 56885K [0x00000000e0000000, 0x0000000100000000)
  region size 1024K, 29 young (29696K), 2 survivors (2048K)
 Metaspace       used 35699K, committed 37120K, reserved 393216K
  class space    used 5201K, committed 5888K, reserved 327680K
}
Event: 317.669 GC heap after
{Heap after GC invocations=8 (full 0):
 garbage-first heap   total 262144K, used 31762K [0x00000000e0000000, 0x0000000100000000)
  region size 1024K, 2 young (2048K), 2 survivors (2048K)
 Metaspace       used 35699K, committed 37120K, reserved 393216K
  class space    used 5201K, committed 5888K, reserved 327680K
}
Event: 414.450 GC heap before
{Heap before GC invocations=9 (full 0):
 garbage-first heap   total 262144K, used 132114K [0x00000000e0000000, 0x0000000100000000)
  region size 1024K, 101 young (103424K), 2 survivors (2048K)
 Metaspace       used 46789K, committed 48768K, reserved 393216K
  class space    used 7031K, committed 8000K, reserved 327680K
}
Event: 414.512 GC heap after
{Heap after GC invocations=10 (full 0):
 garbage-first heap   total 262144K, used 37950K [0x00000000e0000000, 0x0000000100000000)
  region size 1024K, 8 young (8192K), 8 survivors (8192K)
 Metaspace       used 46789K, committed 48768K, reserved 393216K
  class space    used 7031K, committed 8000K, reserved 327680K
}
Event: 447.764 GC heap before
{Heap before GC invocations=10 (full 0):
 garbage-first heap   total 262144K, used 119870K [0x00000000e0000000, 0x0000000100000000)
  region size 1024K, 89 young (91136K), 8 survivors (8192K)
 Metaspace       used 53639K, committed 55808K, reserved 393216K
  class space    used 8099K, committed 9152K, reserved 327680K
}
Event: 447.962 GC heap after
{Heap after GC invocations=11 (full 0):
 garbage-first heap   total 262144K, used 43497K [0x00000000e0000000, 0x0000000100000000)
  region size 1024K, 12 young (12288K), 12 survivors (12288K)
 Metaspace       used 53639K, committed 55808K, reserved 393216K
  class space    used 8099K, committed 9152K, reserved 327680K
}

